SF:lib/src/contour_lines.dart
DA:13,2
DA:15,2
DA:17,10
DA:18,2
DA:21,2
DA:23,0
DA:25,6
DA:26,4
DA:27,2
DA:30,2
DA:31,2
DA:34,2
DA:37,2
DA:38,2
DA:39,2
DA:40,8
DA:41,8
DA:43,12
DA:44,8
DA:46,12
DA:48,12
DA:49,8
DA:51,12
DA:57,2
DA:67,2
DA:74,2
DA:76,2
DA:77,4
DA:79,2
DA:80,2
DA:81,2
DA:82,4
DA:87,2
DA:89,4
DA:90,2
DA:91,4
DA:92,4
DA:94,0
LF:38
LH:36
end_of_record
SF:lib/src/contour_options.dart
DA:31,2
DA:41,4
DA:42,4
DA:43,4
DA:44,10
LF:5
LH:5
end_of_record
SF:lib/src/decode.dart
DA:5,2
DA:6,4
LF:2
LH:2
end_of_record
SF:lib/src/isolines_to_tile.dart
DA:9,2
DA:10,2
DA:11,2
DA:12,2
DA:13,2
DA:14,2
DA:15,4
DA:16,2
DA:17,6
DA:18,2
DA:19,2
DA:20,4
DA:21,4
DA:23,2
DA:24,2
DA:27,4
DA:28,2
DA:29,4
DA:30,2
DA:33,2
DA:34,2
DA:35,2
DA:38,4
DA:39,4
DA:40,2
DA:41,6
DA:42,6
DA:43,2
DA:44,6
DA:46,4
DA:47,4
DA:48,2
DA:49,2
DA:54,2
DA:55,6
DA:58,2
DA:59,6
DA:62,2
DA:63,2
DA:64,12
DA:65,4
DA:66,4
DA:67,2
DA:68,4
LF:44
LH:44
end_of_record
SF:lib/src/marching_squares.dart
DA:11,2
DA:12,10
DA:15,2
DA:16,4
DA:17,4
DA:19,2
DA:21,2
DA:23,4
DA:24,2
DA:25,2
DA:26,14
DA:27,14
DA:28,6
DA:29,8
DA:30,10
DA:31,8
DA:32,8
DA:37,4
DA:38,4
DA:39,4
DA:40,4
DA:43,4
DA:44,2
DA:45,4
DA:46,4
DA:49,2
DA:50,6
DA:52,4
DA:53,4
DA:54,4
DA:55,4
DA:56,4
DA:57,2
DA:61,4
DA:62,4
DA:63,4
DA:64,4
DA:65,6
DA:66,4
DA:68,6
DA:69,4
DA:71,2
DA:72,4
DA:73,4
DA:76,4
DA:77,4
DA:78,6
DA:79,4
DA:81,4
DA:83,4
DA:84,4
DA:88,4
DA:89,4
DA:90,6
DA:91,4
DA:93,4
DA:95,4
DA:96,4
DA:98,4
DA:99,4
DA:104,4
DA:105,10
DA:112,2
DA:114,2
DA:116,2
DA:118,2
DA:119,0
DA:121,6
DA:122,26
DA:124,6
DA:127,6
DA:128,8
DA:129,10
DA:130,8
DA:133,2
DA:134,2
DA:136,2
DA:137,4
DA:138,4
DA:140,2
DA:141,4
DA:142,4
DA:144,2
DA:145,4
DA:146,4
DA:148,2
DA:149,4
DA:150,4
DA:152,2
DA:153,4
DA:154,4
DA:156,2
DA:157,4
DA:158,4
DA:160,2
DA:161,4
DA:162,4
DA:164,2
DA:165,4
DA:166,4
DA:168,2
DA:169,4
DA:170,4
DA:172,2
DA:173,4
DA:174,4
DA:176,2
DA:177,4
DA:178,4
DA:180,2
DA:181,4
DA:182,4
DA:184,2
DA:185,4
DA:186,4
DA:188,2
DA:189,4
DA:190,4
DA:197,2
DA:198,4
DA:199,4
DA:200,6
DA:201,2
DA:202,4
DA:203,2
DA:208,2
DA:210,22
DA:213,2
DA:214,14
DA:218,12
DA:219,0
LF:131
LH:129
end_of_record
SF:lib/src/tile.dart
DA:7,0
DA:8,6
DA:18,2
DA:19,2
DA:21,2
DA:22,2
DA:27,2
DA:29,2
DA:31,6
DA:32,6
DA:33,4
DA:34,4
DA:37,4
DA:45,4
DA:46,2
DA:47,2
DA:48,2
DA:49,10
DA:50,2
DA:53,0
DA:56,2
DA:57,2
DA:58,4
DA:59,4
DA:60,4
DA:62,10
DA:63,10
DA:64,8
DA:67,2
DA:68,2
DA:69,2
DA:70,2
DA:71,8
DA:72,6
DA:73,0
DA:75,2
DA:80,2
DA:81,2
DA:85,0
DA:86,0
DA:87,0
DA:88,0
DA:104,2
DA:115,2
DA:116,4
DA:117,4
DA:118,2
DA:121,2
DA:123,2
DA:124,2
DA:125,8
DA:126,2
DA:127,2
DA:128,8
DA:130,8
DA:133,2
DA:134,2
DA:135,2
DA:136,2
DA:137,2
DA:138,2
DA:140,2
DA:142,4
DA:152,2
DA:154,2
DA:155,2
DA:156,2
DA:157,0
DA:158,12
DA:159,2
DA:160,4
DA:161,4
DA:162,4
DA:163,2
DA:164,4
DA:165,14
DA:169,2
DA:173,8
LF:78
LH:70
end_of_record
SF:lib/src/tile_id.dart
DA:6,2
DA:8,10
DA:10,2
DA:11,8
DA:13,0
DA:14,0
DA:16,0
DA:17,0
DA:19,2
DA:20,4
DA:21,16
LF:11
LH:7
end_of_record
